<?xml version="1.0" encoding="UTF-8"?>
<testsuite xmlns:xsi="http://www.w3.org/2001/XMLSchema-instance" xsi:noNamespaceSchemaLocation="https://maven.apache.org/surefire/maven-surefire-plugin/xsd/surefire-test-report-3.0.xsd" version="3.0" name="com.assessment.weatherInfo.WeatherInfoApplicationTests" time="2.344" tests="1" errors="0" skipped="0" failures="0">
  <properties>
[...]
</properties>
  <testcase name="contextLoads" classname="com.assessment.weatherInfo.WeatherInfoApplicationTests" time="0.684">
    <system-out><![CDATA[15:07:29.599 [main] INFO org.springframework.test.context.support.AnnotationConfigContextLoaderUtils -- Could not detect default configuration classes for test class [com.assessment.weatherInfo.WeatherInfoApplicationTests]: WeatherInfoApplicationTests does not declare any static, non-private, non-final, nested classes annotated with @Configuration.
15:07:29.689 [main] INFO org.springframework.boot.test.context.SpringBootTestContextBootstrapper -- Found @SpringBootConfiguration com.assessment.weatherInfo.WeatherInfoApplication for test class com.assessment.weatherInfo.WeatherInfoApplicationTests

  .   ____          _            __ _ _
 /\\ / ___'_ __ _ _(_)_ __  __ _ \ \ \ \
( ( )\___ | '_ | '_| | '_ \/ _` | \ \ \ \
 \\/  ___)| |_)| | | | | || (_| |  ) ) ) )
  '  |____| .__|_| |_|_| |_\__, | / / / /
 =========|_|==============|___/=/_/_/_/
 :: Spring Boot ::       (v3.2.0-SNAPSHOT)

2023-07-24T15:07:30.035+05:30  WARN 42348 --- [           main] ory$DuplicateJsonObjectContextCustomizer : 

Found multiple occurrences of org.json.JSONObject on the class path:

	jar:file:/C:/Users/vemt/.m2/repository/org/json/json/20230227/json-20230227.jar!/org/json/JSONObject.class
	jar:file:/C:/Users/vemt/.m2/repository/com/vaadin/external/google/android-json/0.0.20131108.vaadin1/android-json-0.0.20131108.vaadin1.jar!/org/json/JSONObject.class

You may wish to exclude one of them to ensure predictable runtime behavior

2023-07-24T15:07:30.058+05:30  INFO 42348 --- [           main] c.a.w.WeatherInfoApplicationTests        : Starting WeatherInfoApplicationTests using Java 17.0.6 with PID 42348 (started by vemt in C:\Users\vemt\spring_project\weatherInfo)
2023-07-24T15:07:30.060+05:30  INFO 42348 --- [           main] c.a.w.WeatherInfoApplicationTests        : No active profile set, falling back to 1 default profile: "default"
2023-07-24T15:07:31.121+05:30  INFO 42348 --- [           main] c.a.w.WeatherInfoApplicationTests        : Started WeatherInfoApplicationTests in 1.316 seconds (process running for 2.041)
]]></system-out>
  </testcase>
</testsuite>